<?xml version="1.0" encoding="UTF-8"?>
<testsuite xmlns:xsi="http://www.w3.org/2001/XMLSchema-instance" xsi:noNamespaceSchemaLocation="https://maven.apache.org/surefire/maven-surefire-plugin/xsd/surefire-test-report.xsd" name="TestSuite" time="0.562" tests="7" errors="0" skipped="0" failures="0">
  <properties>
[...]
</properties>
  <testcase name="shouldAnswerWithTrue" classname="dev.sunilb.AppTest" time="0.005"/>
  <testcase name="shouldReturnFizzForThree" classname="dev.sunilb.FizzBuzzMultipleOfThreeTest" time="0.001"/>
  <testcase name="shouldReturnFizzForThree" classname="dev.sunilb.FizzBuzzMultipleOfThreeTest" time="0"/>
  <testcase name="shouldReturnFizzForThree" classname="dev.sunilb.FizzBuzzMultipleOfThreeTest" time="0"/>
  <testcase name="shouldReturnBuzzForFive" classname="dev.sunilb.FizzBuzzMultipleOfFiveTest" time="0"/>
  <testcase name="shouldReturnBuzzForFive" classname="dev.sunilb.FizzBuzzMultipleOfFiveTest" time="0.001"/>
  <testcase name="shouldReturnBuzzForFive" classname="dev.sunilb.FizzBuzzMultipleOfFiveTest" time="0"/>
</testsuite>