<?xml version="1.0" encoding="UTF-8"?>
<!-- Generated by org.testng.reporters.JUnitXMLReporter -->
<testsuite ignored="0" hostname="Sunils-MacBook-Pro.local" failures="0" tests="7" name="Surefire test" time="0.035" errors="0" timestamp="2021-07-19T11:09:30 IST">
  <testcase classname="dev.sunilb.AppTest" name="shouldAnswerWithTrue" time="0.004"/>
  <testcase classname="dev.sunilb.FizzBuzzMultipleOfThreeTest" name="shouldReturnFizzForThree" time="0.0"/>
  <testcase classname="dev.sunilb.FizzBuzzMultipleOfThreeTest" name="shouldReturnFizzForThree" time="0.0"/>
  <testcase classname="dev.sunilb.FizzBuzzMultipleOfThreeTest" name="shouldReturnFizzForThree" time="0.0"/>
  <testcase classname="dev.sunilb.FizzBuzzMultipleOfFiveTest" name="shouldReturnBuzzForFive" time="0.0"/>
  <testcase classname="dev.sunilb.FizzBuzzMultipleOfFiveTest" name="shouldReturnBuzzForFive" time="0.0"/>
  <testcase classname="dev.sunilb.FizzBuzzMultipleOfFiveTest" name="shouldReturnBuzzForFive" time="0.0"/>
</testsuite> <!-- Surefire test -->
